<?xml version="1.0" encoding="UTF-8"?>
<!-- Generated by org.testng.reporters.JUnitReportReporter -->
<testsuite hostname="kumar" failures="0" tests="2" name="com.crm.qa.testcases.HomePageTest" time="37.778" errors="0" timestamp="17 Aug 2021 16:19:20 GMT" skipped="0">
  <testcase classname="com.crm.qa.testcases.HomePageTest" name="VerifyContactLinkTest" time="19.612"/>
  <testcase classname="com.crm.qa.testcases.HomePageTest" name="VerifyCorrectUserNameTest" time="18.166"/>
</testsuite> <!-- com.crm.qa.testcases.HomePageTest -->
