<?xml version="1.0" encoding="UTF-8"?>
<!-- Generated by org.testng.reporters.JUnitReportReporter -->
<testsuite hostname="kumar" failures="0" tests="2" name="com.crm.qa.testcases.LoginpageTest" time="21.387" errors="0" timestamp="17 Aug 2021 16:19:20 GMT" skipped="0">
  <testcase classname="com.crm.qa.testcases.LoginpageTest" name="verifyPageTitleTest" time="7.036"/>
  <testcase classname="com.crm.qa.testcases.LoginpageTest" name="verifyLoginFeatureTest" time="14.351"/>
</testsuite> <!-- com.crm.qa.testcases.LoginpageTest -->
