<?xml version="1.0" encoding="UTF-8"?>
<!-- Generated by org.testng.reporters.JUnitReportReporter -->
<testsuite hostname="kumar" failures="0" tests="2" name="com.crm.qa.testcases.ContactPageTest" time="45.209" errors="0" timestamp="17 Aug 2021 16:19:20 GMT" skipped="0">
  <testcase classname="com.crm.qa.testcases.ContactPageTest" name="verifySelectContactByNameTest" time="25.814"/>
  <testcase classname="com.crm.qa.testcases.ContactPageTest" name="verifyContactLabelTest" time="19.395"/>
</testsuite> <!-- com.crm.qa.testcases.ContactPageTest -->
