<?xml version="1.0" encoding="UTF-8"?>
<!-- Generated by org.testng.reporters.JUnitReportReporter -->
<testsuite hostname="kumar" failures="0" tests="5" name="com.crm.qa.testcases.NewContactPageTest" time="142.838" errors="0" timestamp="17 Aug 2021 16:19:20 GMT" skipped="0">
  <testcase classname="com.crm.qa.testcases.NewContactPageTest" name="newContactFormTest" time="26.708"/>
  <testcase classname="com.crm.qa.testcases.NewContactPageTest" name="newContactFormTest" time="26.957"/>
  <testcase classname="com.crm.qa.testcases.NewContactPageTest" name="newContactFormTest" time="26.627"/>
  <testcase classname="com.crm.qa.testcases.NewContactPageTest" name="newContactFormTest" time="33.422"/>
  <testcase classname="com.crm.qa.testcases.NewContactPageTest" name="newContactFormTest" time="29.124"/>
</testsuite> <!-- com.crm.qa.testcases.NewContactPageTest -->
