<?xml version="1.0" encoding="UTF-8"?>
<!-- Generated by org.testng.reporters.JUnitReportReporter -->
<testsuite hostname="kumar" failures="0" tests="2" name="com.crm.qa.testcases.LoginpageTest" time="38.712" errors="0" timestamp="18 Aug 2021 07:46:45 GMT" skipped="0">
  <testcase classname="com.crm.qa.testcases.LoginpageTest" name="verifyPageTitleTest" time="8.543"/>
  <testcase classname="com.crm.qa.testcases.LoginpageTest" name="verifyLoginFeatureTest" time="30.169"/>
</testsuite> <!-- com.crm.qa.testcases.LoginpageTest -->
