<?xml version="1.0" encoding="UTF-8"?>
<!-- Generated by org.testng.reporters.JUnitReportReporter -->
<testsuite hostname="kumar" failures="0" tests="2" name="com.crm.qa.testcases.HomePageTest" time="47.806" errors="0" timestamp="18 Aug 2021 07:46:45 GMT" skipped="0">
  <testcase classname="com.crm.qa.testcases.HomePageTest" name="VerifyContactLinkTest" time="25.256"/>
  <testcase classname="com.crm.qa.testcases.HomePageTest" name="VerifyCorrectUserNameTest" time="22.550"/>
</testsuite> <!-- com.crm.qa.testcases.HomePageTest -->
