<?xml version="1.0" encoding="UTF-8"?>
<!-- Generated by org.testng.reporters.JUnitReportReporter -->
<testsuite hostname="kumar" failures="0" tests="5" name="com.crm.qa.testcases.NewContactPageTest" time="181.640" errors="0" timestamp="18 Aug 2021 07:46:45 GMT" skipped="0">
  <testcase classname="com.crm.qa.testcases.NewContactPageTest" name="newContactFormTest" time="36.356"/>
  <testcase classname="com.crm.qa.testcases.NewContactPageTest" name="newContactFormTest" time="31.473"/>
  <testcase classname="com.crm.qa.testcases.NewContactPageTest" name="newContactFormTest" time="33.299"/>
  <testcase classname="com.crm.qa.testcases.NewContactPageTest" name="newContactFormTest" time="45.706"/>
  <testcase classname="com.crm.qa.testcases.NewContactPageTest" name="newContactFormTest" time="34.806"/>
</testsuite> <!-- com.crm.qa.testcases.NewContactPageTest -->
